Determining if the pthread_create exist failed with the following output:
Change Dir: /media/adosi/01D4E3534C2C0110/MyStuff/education/2. semester/IVS/tests/CMakeFiles/CMakeTmp

Run Build Command:"/usr/bin/make" "cmTC_a022f/fast"
/usr/bin/make -f CMakeFiles/cmTC_a022f.dir/build.make CMakeFiles/cmTC_a022f.dir/build
make[1]: Entering directory '/media/adosi/01D4E3534C2C0110/MyStuff/education/2. semester/IVS/tests/CMakeFiles/CMakeTmp'
Building C object CMakeFiles/cmTC_a022f.dir/CheckSymbolExists.c.o
/usr/bin/cc    -o CMakeFiles/cmTC_a022f.dir/CheckSymbolExists.c.o   -c "/media/adosi/01D4E3534C2C0110/MyStuff/education/2. semester/IVS/tests/CMakeFiles/CMakeTmp/CheckSymbolExists.c"
Linking C executable cmTC_a022f
/usr/bin/cmake -E cmake_link_script CMakeFiles/cmTC_a022f.dir/link.txt --verbose=1
/usr/bin/cc      -rdynamic CMakeFiles/cmTC_a022f.dir/CheckSymbolExists.c.o  -o cmTC_a022f 
CMakeFiles/cmTC_a022f.dir/CheckSymbolExists.c.o: In function `main':
CheckSymbolExists.c:(.text+0x1b): undefined reference to `pthread_create'
collect2: error: ld returned 1 exit status
CMakeFiles/cmTC_a022f.dir/build.make:97: recipe for target 'cmTC_a022f' failed
make[1]: *** [cmTC_a022f] Error 1
make[1]: Leaving directory '/media/adosi/01D4E3534C2C0110/MyStuff/education/2. semester/IVS/tests/CMakeFiles/CMakeTmp'
Makefile:126: recipe for target 'cmTC_a022f/fast' failed
make: *** [cmTC_a022f/fast] Error 2

File /media/adosi/01D4E3534C2C0110/MyStuff/education/2. semester/IVS/tests/CMakeFiles/CMakeTmp/CheckSymbolExists.c:
/* */
#include <pthread.h>

int main(int argc, char** argv)
{
  (void)argv;
#ifndef pthread_create
  return ((int*)(&pthread_create))[argc];
#else
  (void)argc;
  return 0;
#endif
}

Determining if the function pthread_create exists in the pthreads failed with the following output:
Change Dir: /media/adosi/01D4E3534C2C0110/MyStuff/education/2. semester/IVS/tests/CMakeFiles/CMakeTmp

Run Build Command:"/usr/bin/make" "cmTC_24e9f/fast"
/usr/bin/make -f CMakeFiles/cmTC_24e9f.dir/build.make CMakeFiles/cmTC_24e9f.dir/build
make[1]: Entering directory '/media/adosi/01D4E3534C2C0110/MyStuff/education/2. semester/IVS/tests/CMakeFiles/CMakeTmp'
Building C object CMakeFiles/cmTC_24e9f.dir/CheckFunctionExists.c.o
/usr/bin/cc   -DCHECK_FUNCTION_EXISTS=pthread_create   -o CMakeFiles/cmTC_24e9f.dir/CheckFunctionExists.c.o   -c /usr/share/cmake-3.10/Modules/CheckFunctionExists.c
Linking C executable cmTC_24e9f
/usr/bin/cmake -E cmake_link_script CMakeFiles/cmTC_24e9f.dir/link.txt --verbose=1
/usr/bin/cc  -DCHECK_FUNCTION_EXISTS=pthread_create    -rdynamic CMakeFiles/cmTC_24e9f.dir/CheckFunctionExists.c.o  -o cmTC_24e9f -lpthreads 
/usr/bin/ld: cannot find -lpthreads
collect2: error: ld returned 1 exit status
CMakeFiles/cmTC_24e9f.dir/build.make:97: recipe for target 'cmTC_24e9f' failed
make[1]: *** [cmTC_24e9f] Error 1
make[1]: Leaving directory '/media/adosi/01D4E3534C2C0110/MyStuff/education/2. semester/IVS/tests/CMakeFiles/CMakeTmp'
Makefile:126: recipe for target 'cmTC_24e9f/fast' failed
make: *** [cmTC_24e9f/fast] Error 2


Determining if the pthread_create exist failed with the following output:
Change Dir: /media/adosi/01D4E3534C2C0110/MyStuff/education/2. semester/IVS/2.projekt/src/CMakeFiles/CMakeTmp

Run Build Command:"/usr/bin/make" "cmTC_967cf/fast"
/usr/bin/make -f CMakeFiles/cmTC_967cf.dir/build.make CMakeFiles/cmTC_967cf.dir/build
make[1]: Entering directory '/media/adosi/01D4E3534C2C0110/MyStuff/education/2. semester/IVS/2.projekt/src/CMakeFiles/CMakeTmp'
Building C object CMakeFiles/cmTC_967cf.dir/CheckSymbolExists.c.o
/usr/bin/cc    -o CMakeFiles/cmTC_967cf.dir/CheckSymbolExists.c.o   -c "/media/adosi/01D4E3534C2C0110/MyStuff/education/2. semester/IVS/2.projekt/src/CMakeFiles/CMakeTmp/CheckSymbolExists.c"
Linking C executable cmTC_967cf
/usr/bin/cmake -E cmake_link_script CMakeFiles/cmTC_967cf.dir/link.txt --verbose=1
/usr/bin/cc      -rdynamic CMakeFiles/cmTC_967cf.dir/CheckSymbolExists.c.o  -o cmTC_967cf 
CMakeFiles/cmTC_967cf.dir/CheckSymbolExists.c.o: In function `main':
CheckSymbolExists.c:(.text+0x1b): undefined reference to `pthread_create'
collect2: error: ld returned 1 exit status
CMakeFiles/cmTC_967cf.dir/build.make:97: recipe for target 'cmTC_967cf' failed
make[1]: *** [cmTC_967cf] Error 1
make[1]: Leaving directory '/media/adosi/01D4E3534C2C0110/MyStuff/education/2. semester/IVS/2.projekt/src/CMakeFiles/CMakeTmp'
Makefile:126: recipe for target 'cmTC_967cf/fast' failed
make: *** [cmTC_967cf/fast] Error 2

File /media/adosi/01D4E3534C2C0110/MyStuff/education/2. semester/IVS/2.projekt/src/CMakeFiles/CMakeTmp/CheckSymbolExists.c:
/* */
#include <pthread.h>

int main(int argc, char** argv)
{
  (void)argv;
#ifndef pthread_create
  return ((int*)(&pthread_create))[argc];
#else
  (void)argc;
  return 0;
#endif
}

Determining if the function pthread_create exists in the pthreads failed with the following output:
Change Dir: /media/adosi/01D4E3534C2C0110/MyStuff/education/2. semester/IVS/2.projekt/src/CMakeFiles/CMakeTmp

Run Build Command:"/usr/bin/make" "cmTC_b8cc4/fast"
/usr/bin/make -f CMakeFiles/cmTC_b8cc4.dir/build.make CMakeFiles/cmTC_b8cc4.dir/build
make[1]: Entering directory '/media/adosi/01D4E3534C2C0110/MyStuff/education/2. semester/IVS/2.projekt/src/CMakeFiles/CMakeTmp'
Building C object CMakeFiles/cmTC_b8cc4.dir/CheckFunctionExists.c.o
/usr/bin/cc   -DCHECK_FUNCTION_EXISTS=pthread_create   -o CMakeFiles/cmTC_b8cc4.dir/CheckFunctionExists.c.o   -c /usr/share/cmake-3.10/Modules/CheckFunctionExists.c
Linking C executable cmTC_b8cc4
/usr/bin/cmake -E cmake_link_script CMakeFiles/cmTC_b8cc4.dir/link.txt --verbose=1
/usr/bin/cc  -DCHECK_FUNCTION_EXISTS=pthread_create    -rdynamic CMakeFiles/cmTC_b8cc4.dir/CheckFunctionExists.c.o  -o cmTC_b8cc4 -lpthreads 
/usr/bin/ld: cannot find -lpthreads
collect2: error: ld returned 1 exit status
CMakeFiles/cmTC_b8cc4.dir/build.make:97: recipe for target 'cmTC_b8cc4' failed
make[1]: *** [cmTC_b8cc4] Error 1
make[1]: Leaving directory '/media/adosi/01D4E3534C2C0110/MyStuff/education/2. semester/IVS/2.projekt/src/CMakeFiles/CMakeTmp'
Makefile:126: recipe for target 'cmTC_b8cc4/fast' failed
make: *** [cmTC_b8cc4/fast] Error 2


